<?xml version="1.0" encoding="UTF-8"?>
<!-- Generated by org.testng.reporters.JUnitReportReporter -->
<testsuite hostname="LAPTOP-LRUNCPFQ" failures="0" tests="1" name="com.testproject.ProjectReviewCompany" time="29.006" errors="0" timestamp="2022-05-27T03:10:22 IST" skipped="0">
  <testcase classname="com.testproject.ProjectReviewCompany" name="login" time="29.006"/>
  <system-out>
    <![CDATA[Login successfull
The Users profile Url is https://wallethub.com/profile/68504035i]]>
  </system-out>
</testsuite> <!-- com.testproject.ProjectReviewCompany -->
